The system is: Linux - 4.4.0-22-generic - x86_64
Compiling the C compiler identification source file "CMakeCCompilerId.c" succeeded.
Compiler: /usr/bin/cc 
Build flags: 
Id flags: 

The output was:
0


Compilation of the C compiler identification source "CMakeCCompilerId.c" produced "a.out"

The C compiler identification is GNU, found in "/home/harshcrop/kopete/build/CMakeFiles/3.5.1/CompilerIdC/a.out"

Compiling the CXX compiler identification source file "CMakeCXXCompilerId.cpp" succeeded.
Compiler: /usr/bin/c++ 
Build flags: 
Id flags: 

The output was:
0


Compilation of the CXX compiler identification source "CMakeCXXCompilerId.cpp" produced "a.out"

The CXX compiler identification is GNU, found in "/home/harshcrop/kopete/build/CMakeFiles/3.5.1/CompilerIdCXX/a.out"

Determining if the C compiler works passed with the following output:
Change Dir: /home/harshcrop/kopete/build/CMakeFiles/CMakeTmp

Run Build Command:"/usr/bin/make" "cmTC_33efa/fast"
/usr/bin/make -f CMakeFiles/cmTC_33efa.dir/build.make CMakeFiles/cmTC_33efa.dir/build
make[1]: Entering directory '/home/harshcrop/kopete/build/CMakeFiles/CMakeTmp'
Building C object CMakeFiles/cmTC_33efa.dir/testCCompiler.c.o
/usr/bin/cc     -o CMakeFiles/cmTC_33efa.dir/testCCompiler.c.o   -c /home/harshcrop/kopete/build/CMakeFiles/CMakeTmp/testCCompiler.c
Linking C executable cmTC_33efa
/usr/bin/cmake -E cmake_link_script CMakeFiles/cmTC_33efa.dir/link.txt --verbose=1
/usr/bin/cc       CMakeFiles/cmTC_33efa.dir/testCCompiler.c.o  -o cmTC_33efa -rdynamic 
make[1]: Leaving directory '/home/harshcrop/kopete/build/CMakeFiles/CMakeTmp'


Detecting C compiler ABI info compiled with the following output:
Change Dir: /home/harshcrop/kopete/build/CMakeFiles/CMakeTmp

Run Build Command:"/usr/bin/make" "cmTC_79b0c/fast"
/usr/bin/make -f CMakeFiles/cmTC_79b0c.dir/build.make CMakeFiles/cmTC_79b0c.dir/build
make[1]: Entering directory '/home/harshcrop/kopete/build/CMakeFiles/CMakeTmp'
Building C object CMakeFiles/cmTC_79b0c.dir/CMakeCCompilerABI.c.o
/usr/bin/cc     -o CMakeFiles/cmTC_79b0c.dir/CMakeCCompilerABI.c.o   -c /usr/share/cmake-3.5/Modules/CMakeCCompilerABI.c
Linking C executable cmTC_79b0c
/usr/bin/cmake -E cmake_link_script CMakeFiles/cmTC_79b0c.dir/link.txt --verbose=1
/usr/bin/cc      -v CMakeFiles/cmTC_79b0c.dir/CMakeCCompilerABI.c.o  -o cmTC_79b0c -rdynamic  
Using built-in specs.
COLLECT_GCC=/usr/bin/cc
COLLECT_LTO_WRAPPER=/usr/lib/gcc/x86_64-linux-gnu/5/lto-wrapper
Target: x86_64-linux-gnu
Configured with: ../src/configure -v --with-pkgversion='Ubuntu 5.3.1-14ubuntu2.1' --with-bugurl=file:///usr/share/doc/gcc-5/README.Bugs --enable-languages=c,ada,c++,java,go,d,fortran,objc,obj-c++ --prefix=/usr --program-suffix=-5 --enable-shared --enable-linker-build-id --libexecdir=/usr/lib --without-included-gettext --enable-threads=posix --libdir=/usr/lib --enable-nls --with-sysroot=/ --enable-clocale=gnu --enable-libstdcxx-debug --enable-libstdcxx-time=yes --with-default-libstdcxx-abi=new --enable-gnu-unique-object --disable-vtable-verify --enable-libmpx --enable-plugin --with-system-zlib --disable-browser-plugin --enable-java-awt=gtk --enable-gtk-cairo --with-java-home=/usr/lib/jvm/java-1.5.0-gcj-5-amd64/jre --enable-java-home --with-jvm-root-dir=/usr/lib/jvm/java-1.5.0-gcj-5-amd64 --with-jvm-jar-dir=/usr/lib/jvm-exports/java-1.5.0-gcj-5-amd64 --with-arch-directory=amd64 --with-ecj-jar=/usr/share/java/eclipse-ecj.jar --enable-objc-gc --enable-multiarch --disable-werror --with-arch-32=i686 --with-abi=m64 --with-multilib-list=m32,m64,mx32 --enable-multilib --with-tune=generic --enable-checking=release --build=x86_64-linux-gnu --host=x86_64-linux-gnu --target=x86_64-linux-gnu
Thread model: posix
gcc version 5.3.1 20160413 (Ubuntu 5.3.1-14ubuntu2.1) 
COMPILER_PATH=/usr/lib/gcc/x86_64-linux-gnu/5/:/usr/lib/gcc/x86_64-linux-gnu/5/:/usr/lib/gcc/x86_64-linux-gnu/:/usr/lib/gcc/x86_64-linux-gnu/5/:/usr/lib/gcc/x86_64-linux-gnu/
LIBRARY_PATH=/usr/lib/gcc/x86_64-linux-gnu/5/:/usr/lib/gcc/x86_64-linux-gnu/5/../../../x86_64-linux-gnu/:/usr/lib/gcc/x86_64-linux-gnu/5/../../../../lib/:/lib/x86_64-linux-gnu/:/lib/../lib/:/usr/lib/x86_64-linux-gnu/:/usr/lib/../lib/:/usr/lib/gcc/x86_64-linux-gnu/5/../../../:/lib/:/usr/lib/
COLLECT_GCC_OPTIONS='-v' '-o' 'cmTC_79b0c' '-rdynamic' '-mtune=generic' '-march=x86-64'
 /usr/lib/gcc/x86_64-linux-gnu/5/collect2 -plugin /usr/lib/gcc/x86_64-linux-gnu/5/liblto_plugin.so -plugin-opt=/usr/lib/gcc/x86_64-linux-gnu/5/lto-wrapper -plugin-opt=-fresolution=/tmp/ccry2y2F.res -plugin-opt=-pass-through=-lgcc -plugin-opt=-pass-through=-lgcc_s -plugin-opt=-pass-through=-lc -plugin-opt=-pass-through=-lgcc -plugin-opt=-pass-through=-lgcc_s --sysroot=/ --build-id --eh-frame-hdr -m elf_x86_64 --hash-style=gnu --as-needed -export-dynamic -dynamic-linker /lib64/ld-linux-x86-64.so.2 -z relro -o cmTC_79b0c /usr/lib/gcc/x86_64-linux-gnu/5/../../../x86_64-linux-gnu/crt1.o /usr/lib/gcc/x86_64-linux-gnu/5/../../../x86_64-linux-gnu/crti.o /usr/lib/gcc/x86_64-linux-gnu/5/crtbegin.o -L/usr/lib/gcc/x86_64-linux-gnu/5 -L/usr/lib/gcc/x86_64-linux-gnu/5/../../../x86_64-linux-gnu -L/usr/lib/gcc/x86_64-linux-gnu/5/../../../../lib -L/lib/x86_64-linux-gnu -L/lib/../lib -L/usr/lib/x86_64-linux-gnu -L/usr/lib/../lib -L/usr/lib/gcc/x86_64-linux-gnu/5/../../.. CMakeFiles/cmTC_79b0c.dir/CMakeCCompilerABI.c.o -lgcc --as-needed -lgcc_s --no-as-needed -lc -lgcc --as-needed -lgcc_s --no-as-needed /usr/lib/gcc/x86_64-linux-gnu/5/crtend.o /usr/lib/gcc/x86_64-linux-gnu/5/../../../x86_64-linux-gnu/crtn.o
make[1]: Leaving directory '/home/harshcrop/kopete/build/CMakeFiles/CMakeTmp'


Parsed C implicit link information from above output:
  link line regex: [^( *|.*[/\])(ld|([^/\]+-)?ld|collect2)[^/\]*( |$)]
  ignore line: [Change Dir: /home/harshcrop/kopete/build/CMakeFiles/CMakeTmp]
  ignore line: []
  ignore line: [Run Build Command:"/usr/bin/make" "cmTC_79b0c/fast"]
  ignore line: [/usr/bin/make -f CMakeFiles/cmTC_79b0c.dir/build.make CMakeFiles/cmTC_79b0c.dir/build]
  ignore line: [make[1]: Entering directory '/home/harshcrop/kopete/build/CMakeFiles/CMakeTmp']
  ignore line: [Building C object CMakeFiles/cmTC_79b0c.dir/CMakeCCompilerABI.c.o]
  ignore line: [/usr/bin/cc     -o CMakeFiles/cmTC_79b0c.dir/CMakeCCompilerABI.c.o   -c /usr/share/cmake-3.5/Modules/CMakeCCompilerABI.c]
  ignore line: [Linking C executable cmTC_79b0c]
  ignore line: [/usr/bin/cmake -E cmake_link_script CMakeFiles/cmTC_79b0c.dir/link.txt --verbose=1]
  ignore line: [/usr/bin/cc      -v CMakeFiles/cmTC_79b0c.dir/CMakeCCompilerABI.c.o  -o cmTC_79b0c -rdynamic  ]
  ignore line: [Using built-in specs.]
  ignore line: [COLLECT_GCC=/usr/bin/cc]
  ignore line: [COLLECT_LTO_WRAPPER=/usr/lib/gcc/x86_64-linux-gnu/5/lto-wrapper]
  ignore line: [Target: x86_64-linux-gnu]
  ignore line: [Configured with: ../src/configure -v --with-pkgversion='Ubuntu 5.3.1-14ubuntu2.1' --with-bugurl=file:///usr/share/doc/gcc-5/README.Bugs --enable-languages=c,ada,c++,java,go,d,fortran,objc,obj-c++ --prefix=/usr --program-suffix=-5 --enable-shared --enable-linker-build-id --libexecdir=/usr/lib --without-included-gettext --enable-threads=posix --libdir=/usr/lib --enable-nls --with-sysroot=/ --enable-clocale=gnu --enable-libstdcxx-debug --enable-libstdcxx-time=yes --with-default-libstdcxx-abi=new --enable-gnu-unique-object --disable-vtable-verify --enable-libmpx --enable-plugin --with-system-zlib --disable-browser-plugin --enable-java-awt=gtk --enable-gtk-cairo --with-java-home=/usr/lib/jvm/java-1.5.0-gcj-5-amd64/jre --enable-java-home --with-jvm-root-dir=/usr/lib/jvm/java-1.5.0-gcj-5-amd64 --with-jvm-jar-dir=/usr/lib/jvm-exports/java-1.5.0-gcj-5-amd64 --with-arch-directory=amd64 --with-ecj-jar=/usr/share/java/eclipse-ecj.jar --enable-objc-gc --enable-multiarch --disable-werror --with-arch-32=i686 --with-abi=m64 --with-multilib-list=m32,m64,mx32 --enable-multilib --with-tune=generic --enable-checking=release --build=x86_64-linux-gnu --host=x86_64-linux-gnu --target=x86_64-linux-gnu]
  ignore line: [Thread model: posix]
  ignore line: [gcc version 5.3.1 20160413 (Ubuntu 5.3.1-14ubuntu2.1) ]
  ignore line: [COMPILER_PATH=/usr/lib/gcc/x86_64-linux-gnu/5/:/usr/lib/gcc/x86_64-linux-gnu/5/:/usr/lib/gcc/x86_64-linux-gnu/:/usr/lib/gcc/x86_64-linux-gnu/5/:/usr/lib/gcc/x86_64-linux-gnu/]
  ignore line: [LIBRARY_PATH=/usr/lib/gcc/x86_64-linux-gnu/5/:/usr/lib/gcc/x86_64-linux-gnu/5/../../../x86_64-linux-gnu/:/usr/lib/gcc/x86_64-linux-gnu/5/../../../../lib/:/lib/x86_64-linux-gnu/:/lib/../lib/:/usr/lib/x86_64-linux-gnu/:/usr/lib/../lib/:/usr/lib/gcc/x86_64-linux-gnu/5/../../../:/lib/:/usr/lib/]
  ignore line: [COLLECT_GCC_OPTIONS='-v' '-o' 'cmTC_79b0c' '-rdynamic' '-mtune=generic' '-march=x86-64']
  link line: [ /usr/lib/gcc/x86_64-linux-gnu/5/collect2 -plugin /usr/lib/gcc/x86_64-linux-gnu/5/liblto_plugin.so -plugin-opt=/usr/lib/gcc/x86_64-linux-gnu/5/lto-wrapper -plugin-opt=-fresolution=/tmp/ccry2y2F.res -plugin-opt=-pass-through=-lgcc -plugin-opt=-pass-through=-lgcc_s -plugin-opt=-pass-through=-lc -plugin-opt=-pass-through=-lgcc -plugin-opt=-pass-through=-lgcc_s --sysroot=/ --build-id --eh-frame-hdr -m elf_x86_64 --hash-style=gnu --as-needed -export-dynamic -dynamic-linker /lib64/ld-linux-x86-64.so.2 -z relro -o cmTC_79b0c /usr/lib/gcc/x86_64-linux-gnu/5/../../../x86_64-linux-gnu/crt1.o /usr/lib/gcc/x86_64-linux-gnu/5/../../../x86_64-linux-gnu/crti.o /usr/lib/gcc/x86_64-linux-gnu/5/crtbegin.o -L/usr/lib/gcc/x86_64-linux-gnu/5 -L/usr/lib/gcc/x86_64-linux-gnu/5/../../../x86_64-linux-gnu -L/usr/lib/gcc/x86_64-linux-gnu/5/../../../../lib -L/lib/x86_64-linux-gnu -L/lib/../lib -L/usr/lib/x86_64-linux-gnu -L/usr/lib/../lib -L/usr/lib/gcc/x86_64-linux-gnu/5/../../.. CMakeFiles/cmTC_79b0c.dir/CMakeCCompilerABI.c.o -lgcc --as-needed -lgcc_s --no-as-needed -lc -lgcc --as-needed -lgcc_s --no-as-needed /usr/lib/gcc/x86_64-linux-gnu/5/crtend.o /usr/lib/gcc/x86_64-linux-gnu/5/../../../x86_64-linux-gnu/crtn.o]
    arg [/usr/lib/gcc/x86_64-linux-gnu/5/collect2] ==> ignore
    arg [-plugin] ==> ignore
    arg [/usr/lib/gcc/x86_64-linux-gnu/5/liblto_plugin.so] ==> ignore
    arg [-plugin-opt=/usr/lib/gcc/x86_64-linux-gnu/5/lto-wrapper] ==> ignore
    arg [-plugin-opt=-fresolution=/tmp/ccry2y2F.res] ==> ignore
    arg [-plugin-opt=-pass-through=-lgcc] ==> ignore
    arg [-plugin-opt=-pass-through=-lgcc_s] ==> ignore
    arg [-plugin-opt=-pass-through=-lc] ==> ignore
    arg [-plugin-opt=-pass-through=-lgcc] ==> ignore
    arg [-plugin-opt=-pass-through=-lgcc_s] ==> ignore
    arg [--sysroot=/] ==> ignore
    arg [--build-id] ==> ignore
    arg [--eh-frame-hdr] ==> ignore
    arg [-m] ==> ignore
    arg [elf_x86_64] ==> ignore
    arg [--hash-style=gnu] ==> ignore
    arg [--as-needed] ==> ignore
    arg [-export-dynamic] ==> ignore
    arg [-dynamic-linker] ==> ignore
    arg [/lib64/ld-linux-x86-64.so.2] ==> ignore
    arg [-zrelro] ==> ignore
    arg [-o] ==> ignore
    arg [cmTC_79b0c] ==> ignore
    arg [/usr/lib/gcc/x86_64-linux-gnu/5/../../../x86_64-linux-gnu/crt1.o] ==> ignore
    arg [/usr/lib/gcc/x86_64-linux-gnu/5/../../../x86_64-linux-gnu/crti.o] ==> ignore
    arg [/usr/lib/gcc/x86_64-linux-gnu/5/crtbegin.o] ==> ignore
    arg [-L/usr/lib/gcc/x86_64-linux-gnu/5] ==> dir [/usr/lib/gcc/x86_64-linux-gnu/5]
    arg [-L/usr/lib/gcc/x86_64-linux-gnu/5/../../../x86_64-linux-gnu] ==> dir [/usr/lib/gcc/x86_64-linux-gnu/5/../../../x86_64-linux-gnu]
    arg [-L/usr/lib/gcc/x86_64-linux-gnu/5/../../../../lib] ==> dir [/usr/lib/gcc/x86_64-linux-gnu/5/../../../../lib]
    arg [-L/lib/x86_64-linux-gnu] ==> dir [/lib/x86_64-linux-gnu]
    arg [-L/lib/../lib] ==> dir [/lib/../lib]
    arg [-L/usr/lib/x86_64-linux-gnu] ==> dir [/usr/lib/x86_64-linux-gnu]
    arg [-L/usr/lib/../lib] ==> dir [/usr/lib/../lib]
    arg [-L/usr/lib/gcc/x86_64-linux-gnu/5/../../..] ==> dir [/usr/lib/gcc/x86_64-linux-gnu/5/../../..]
    arg [CMakeFiles/cmTC_79b0c.dir/CMakeCCompilerABI.c.o] ==> ignore
    arg [-lgcc] ==> lib [gcc]
    arg [--as-needed] ==> ignore
    arg [-lgcc_s] ==> lib [gcc_s]
    arg [--no-as-needed] ==> ignore
    arg [-lc] ==> lib [c]
    arg [-lgcc] ==> lib [gcc]
    arg [--as-needed] ==> ignore
    arg [-lgcc_s] ==> lib [gcc_s]
    arg [--no-as-needed] ==> ignore
    arg [/usr/lib/gcc/x86_64-linux-gnu/5/crtend.o] ==> ignore
    arg [/usr/lib/gcc/x86_64-linux-gnu/5/../../../x86_64-linux-gnu/crtn.o] ==> ignore
  remove lib [gcc]
  remove lib [gcc_s]
  remove lib [gcc]
  remove lib [gcc_s]
  collapse library dir [/usr/lib/gcc/x86_64-linux-gnu/5] ==> [/usr/lib/gcc/x86_64-linux-gnu/5]
  collapse library dir [/usr/lib/gcc/x86_64-linux-gnu/5/../../../x86_64-linux-gnu] ==> [/usr/lib/x86_64-linux-gnu]
  collapse library dir [/usr/lib/gcc/x86_64-linux-gnu/5/../../../../lib] ==> [/usr/lib]
  collapse library dir [/lib/x86_64-linux-gnu] ==> [/lib/x86_64-linux-gnu]
  collapse library dir [/lib/../lib] ==> [/lib]
  collapse library dir [/usr/lib/x86_64-linux-gnu] ==> [/usr/lib/x86_64-linux-gnu]
  collapse library dir [/usr/lib/../lib] ==> [/usr/lib]
  collapse library dir [/usr/lib/gcc/x86_64-linux-gnu/5/../../..] ==> [/usr/lib]
  implicit libs: [c]
  implicit dirs: [/usr/lib/gcc/x86_64-linux-gnu/5;/usr/lib/x86_64-linux-gnu;/usr/lib;/lib/x86_64-linux-gnu;/lib]
  implicit fwks: []




Detecting C [-std=c11] compiler features compiled with the following output:
Change Dir: /home/harshcrop/kopete/build/CMakeFiles/CMakeTmp

Run Build Command:"/usr/bin/make" "cmTC_0bd5f/fast"
/usr/bin/make -f CMakeFiles/cmTC_0bd5f.dir/build.make CMakeFiles/cmTC_0bd5f.dir/build
make[1]: Entering directory '/home/harshcrop/kopete/build/CMakeFiles/CMakeTmp'
Building C object CMakeFiles/cmTC_0bd5f.dir/feature_tests.c.o
/usr/bin/cc    -std=c11 -o CMakeFiles/cmTC_0bd5f.dir/feature_tests.c.o   -c /home/harshcrop/kopete/build/CMakeFiles/feature_tests.c
Linking C executable cmTC_0bd5f
/usr/bin/cmake -E cmake_link_script CMakeFiles/cmTC_0bd5f.dir/link.txt --verbose=1
/usr/bin/cc       CMakeFiles/cmTC_0bd5f.dir/feature_tests.c.o  -o cmTC_0bd5f -rdynamic 
make[1]: Leaving directory '/home/harshcrop/kopete/build/CMakeFiles/CMakeTmp'


    Feature record: C_FEATURE:1c_function_prototypes
    Feature record: C_FEATURE:1c_restrict
    Feature record: C_FEATURE:1c_static_assert
    Feature record: C_FEATURE:1c_variadic_macros


Detecting C [-std=c99] compiler features compiled with the following output:
Change Dir: /home/harshcrop/kopete/build/CMakeFiles/CMakeTmp

Run Build Command:"/usr/bin/make" "cmTC_2a675/fast"
/usr/bin/make -f CMakeFiles/cmTC_2a675.dir/build.make CMakeFiles/cmTC_2a675.dir/build
make[1]: Entering directory '/home/harshcrop/kopete/build/CMakeFiles/CMakeTmp'
Building C object CMakeFiles/cmTC_2a675.dir/feature_tests.c.o
/usr/bin/cc    -std=c99 -o CMakeFiles/cmTC_2a675.dir/feature_tests.c.o   -c /home/harshcrop/kopete/build/CMakeFiles/feature_tests.c
Linking C executable cmTC_2a675
/usr/bin/cmake -E cmake_link_script CMakeFiles/cmTC_2a675.dir/link.txt --verbose=1
/usr/bin/cc       CMakeFiles/cmTC_2a675.dir/feature_tests.c.o  -o cmTC_2a675 -rdynamic 
make[1]: Leaving directory '/home/harshcrop/kopete/build/CMakeFiles/CMakeTmp'


    Feature record: C_FEATURE:1c_function_prototypes
    Feature record: C_FEATURE:1c_restrict
    Feature record: C_FEATURE:0c_static_assert
    Feature record: C_FEATURE:1c_variadic_macros


Detecting C [-std=c90] compiler features compiled with the following output:
Change Dir: /home/harshcrop/kopete/build/CMakeFiles/CMakeTmp

Run Build Command:"/usr/bin/make" "cmTC_cf4f6/fast"
/usr/bin/make -f CMakeFiles/cmTC_cf4f6.dir/build.make CMakeFiles/cmTC_cf4f6.dir/build
make[1]: Entering directory '/home/harshcrop/kopete/build/CMakeFiles/CMakeTmp'
Building C object CMakeFiles/cmTC_cf4f6.dir/feature_tests.c.o
/usr/bin/cc    -std=c90 -o CMakeFiles/cmTC_cf4f6.dir/feature_tests.c.o   -c /home/harshcrop/kopete/build/CMakeFiles/feature_tests.c
Linking C executable cmTC_cf4f6
/usr/bin/cmake -E cmake_link_script CMakeFiles/cmTC_cf4f6.dir/link.txt --verbose=1
/usr/bin/cc       CMakeFiles/cmTC_cf4f6.dir/feature_tests.c.o  -o cmTC_cf4f6 -rdynamic 
make[1]: Leaving directory '/home/harshcrop/kopete/build/CMakeFiles/CMakeTmp'


    Feature record: C_FEATURE:1c_function_prototypes
    Feature record: C_FEATURE:0c_restrict
    Feature record: C_FEATURE:0c_static_assert
    Feature record: C_FEATURE:0c_variadic_macros
Determining if the CXX compiler works passed with the following output:
Change Dir: /home/harshcrop/kopete/build/CMakeFiles/CMakeTmp

Run Build Command:"/usr/bin/make" "cmTC_fddae/fast"
/usr/bin/make -f CMakeFiles/cmTC_fddae.dir/build.make CMakeFiles/cmTC_fddae.dir/build
make[1]: Entering directory '/home/harshcrop/kopete/build/CMakeFiles/CMakeTmp'
Building CXX object CMakeFiles/cmTC_fddae.dir/testCXXCompiler.cxx.o
/usr/bin/c++      -o CMakeFiles/cmTC_fddae.dir/testCXXCompiler.cxx.o -c /home/harshcrop/kopete/build/CMakeFiles/CMakeTmp/testCXXCompiler.cxx
Linking CXX executable cmTC_fddae
/usr/bin/cmake -E cmake_link_script CMakeFiles/cmTC_fddae.dir/link.txt --verbose=1
/usr/bin/c++        CMakeFiles/cmTC_fddae.dir/testCXXCompiler.cxx.o  -o cmTC_fddae -rdynamic 
make[1]: Leaving directory '/home/harshcrop/kopete/build/CMakeFiles/CMakeTmp'


Detecting CXX compiler ABI info compiled with the following output:
Change Dir: /home/harshcrop/kopete/build/CMakeFiles/CMakeTmp

Run Build Command:"/usr/bin/make" "cmTC_0c352/fast"
/usr/bin/make -f CMakeFiles/cmTC_0c352.dir/build.make CMakeFiles/cmTC_0c352.dir/build
make[1]: Entering directory '/home/harshcrop/kopete/build/CMakeFiles/CMakeTmp'
Building CXX object CMakeFiles/cmTC_0c352.dir/CMakeCXXCompilerABI.cpp.o
/usr/bin/c++      -o CMakeFiles/cmTC_0c352.dir/CMakeCXXCompilerABI.cpp.o -c /usr/share/cmake-3.5/Modules/CMakeCXXCompilerABI.cpp
Linking CXX executable cmTC_0c352
/usr/bin/cmake -E cmake_link_script CMakeFiles/cmTC_0c352.dir/link.txt --verbose=1
/usr/bin/c++       -v CMakeFiles/cmTC_0c352.dir/CMakeCXXCompilerABI.cpp.o  -o cmTC_0c352 -rdynamic  
Using built-in specs.
COLLECT_GCC=/usr/bin/c++
COLLECT_LTO_WRAPPER=/usr/lib/gcc/x86_64-linux-gnu/5/lto-wrapper
Target: x86_64-linux-gnu
Configured with: ../src/configure -v --with-pkgversion='Ubuntu 5.3.1-14ubuntu2.1' --with-bugurl=file:///usr/share/doc/gcc-5/README.Bugs --enable-languages=c,ada,c++,java,go,d,fortran,objc,obj-c++ --prefix=/usr --program-suffix=-5 --enable-shared --enable-linker-build-id --libexecdir=/usr/lib --without-included-gettext --enable-threads=posix --libdir=/usr/lib --enable-nls --with-sysroot=/ --enable-clocale=gnu --enable-libstdcxx-debug --enable-libstdcxx-time=yes --with-default-libstdcxx-abi=new --enable-gnu-unique-object --disable-vtable-verify --enable-libmpx --enable-plugin --with-system-zlib --disable-browser-plugin --enable-java-awt=gtk --enable-gtk-cairo --with-java-home=/usr/lib/jvm/java-1.5.0-gcj-5-amd64/jre --enable-java-home --with-jvm-root-dir=/usr/lib/jvm/java-1.5.0-gcj-5-amd64 --with-jvm-jar-dir=/usr/lib/jvm-exports/java-1.5.0-gcj-5-amd64 --with-arch-directory=amd64 --with-ecj-jar=/usr/share/java/eclipse-ecj.jar --enable-objc-gc --enable-multiarch --disable-werror --with-arch-32=i686 --with-abi=m64 --with-multilib-list=m32,m64,mx32 --enable-multilib --with-tune=generic --enable-checking=release --build=x86_64-linux-gnu --host=x86_64-linux-gnu --target=x86_64-linux-gnu
Thread model: posix
gcc version 5.3.1 20160413 (Ubuntu 5.3.1-14ubuntu2.1) 
COMPILER_PATH=/usr/lib/gcc/x86_64-linux-gnu/5/:/usr/lib/gcc/x86_64-linux-gnu/5/:/usr/lib/gcc/x86_64-linux-gnu/:/usr/lib/gcc/x86_64-linux-gnu/5/:/usr/lib/gcc/x86_64-linux-gnu/
LIBRARY_PATH=/usr/lib/gcc/x86_64-linux-gnu/5/:/usr/lib/gcc/x86_64-linux-gnu/5/../../../x86_64-linux-gnu/:/usr/lib/gcc/x86_64-linux-gnu/5/../../../../lib/:/lib/x86_64-linux-gnu/:/lib/../lib/:/usr/lib/x86_64-linux-gnu/:/usr/lib/../lib/:/usr/lib/gcc/x86_64-linux-gnu/5/../../../:/lib/:/usr/lib/
COLLECT_GCC_OPTIONS='-v' '-o' 'cmTC_0c352' '-rdynamic' '-shared-libgcc' '-mtune=generic' '-march=x86-64'
 /usr/lib/gcc/x86_64-linux-gnu/5/collect2 -plugin /usr/lib/gcc/x86_64-linux-gnu/5/liblto_plugin.so -plugin-opt=/usr/lib/gcc/x86_64-linux-gnu/5/lto-wrapper -plugin-opt=-fresolution=/tmp/ccpeJiuG.res -plugin-opt=-pass-through=-lgcc_s -plugin-opt=-pass-through=-lgcc -plugin-opt=-pass-through=-lc -plugin-opt=-pass-through=-lgcc_s -plugin-opt=-pass-through=-lgcc --sysroot=/ --build-id --eh-frame-hdr -m elf_x86_64 --hash-style=gnu --as-needed -export-dynamic -dynamic-linker /lib64/ld-linux-x86-64.so.2 -z relro -o cmTC_0c352 /usr/lib/gcc/x86_64-linux-gnu/5/../../../x86_64-linux-gnu/crt1.o /usr/lib/gcc/x86_64-linux-gnu/5/../../../x86_64-linux-gnu/crti.o /usr/lib/gcc/x86_64-linux-gnu/5/crtbegin.o -L/usr/lib/gcc/x86_64-linux-gnu/5 -L/usr/lib/gcc/x86_64-linux-gnu/5/../../../x86_64-linux-gnu -L/usr/lib/gcc/x86_64-linux-gnu/5/../../../../lib -L/lib/x86_64-linux-gnu -L/lib/../lib -L/usr/lib/x86_64-linux-gnu -L/usr/lib/../lib -L/usr/lib/gcc/x86_64-linux-gnu/5/../../.. CMakeFiles/cmTC_0c352.dir/CMakeCXXCompilerABI.cpp.o -lstdc++ -lm -lgcc_s -lgcc -lc -lgcc_s -lgcc /usr/lib/gcc/x86_64-linux-gnu/5/crtend.o /usr/lib/gcc/x86_64-linux-gnu/5/../../../x86_64-linux-gnu/crtn.o
make[1]: Leaving directory '/home/harshcrop/kopete/build/CMakeFiles/CMakeTmp'


Parsed CXX implicit link information from above output:
  link line regex: [^( *|.*[/\])(ld|([^/\]+-)?ld|collect2)[^/\]*( |$)]
  ignore line: [Change Dir: /home/harshcrop/kopete/build/CMakeFiles/CMakeTmp]
  ignore line: []
  ignore line: [Run Build Command:"/usr/bin/make" "cmTC_0c352/fast"]
  ignore line: [/usr/bin/make -f CMakeFiles/cmTC_0c352.dir/build.make CMakeFiles/cmTC_0c352.dir/build]
  ignore line: [make[1]: Entering directory '/home/harshcrop/kopete/build/CMakeFiles/CMakeTmp']
  ignore line: [Building CXX object CMakeFiles/cmTC_0c352.dir/CMakeCXXCompilerABI.cpp.o]
  ignore line: [/usr/bin/c++      -o CMakeFiles/cmTC_0c352.dir/CMakeCXXCompilerABI.cpp.o -c /usr/share/cmake-3.5/Modules/CMakeCXXCompilerABI.cpp]
  ignore line: [Linking CXX executable cmTC_0c352]
  ignore line: [/usr/bin/cmake -E cmake_link_script CMakeFiles/cmTC_0c352.dir/link.txt --verbose=1]
  ignore line: [/usr/bin/c++       -v CMakeFiles/cmTC_0c352.dir/CMakeCXXCompilerABI.cpp.o  -o cmTC_0c352 -rdynamic  ]
  ignore line: [Using built-in specs.]
  ignore line: [COLLECT_GCC=/usr/bin/c++]
  ignore line: [COLLECT_LTO_WRAPPER=/usr/lib/gcc/x86_64-linux-gnu/5/lto-wrapper]
  ignore line: [Target: x86_64-linux-gnu]
  ignore line: [Configured with: ../src/configure -v --with-pkgversion='Ubuntu 5.3.1-14ubuntu2.1' --with-bugurl=file:///usr/share/doc/gcc-5/README.Bugs --enable-languages=c,ada,c++,java,go,d,fortran,objc,obj-c++ --prefix=/usr --program-suffix=-5 --enable-shared --enable-linker-build-id --libexecdir=/usr/lib --without-included-gettext --enable-threads=posix --libdir=/usr/lib --enable-nls --with-sysroot=/ --enable-clocale=gnu --enable-libstdcxx-debug --enable-libstdcxx-time=yes --with-default-libstdcxx-abi=new --enable-gnu-unique-object --disable-vtable-verify --enable-libmpx --enable-plugin --with-system-zlib --disable-browser-plugin --enable-java-awt=gtk --enable-gtk-cairo --with-java-home=/usr/lib/jvm/java-1.5.0-gcj-5-amd64/jre --enable-java-home --with-jvm-root-dir=/usr/lib/jvm/java-1.5.0-gcj-5-amd64 --with-jvm-jar-dir=/usr/lib/jvm-exports/java-1.5.0-gcj-5-amd64 --with-arch-directory=amd64 --with-ecj-jar=/usr/share/java/eclipse-ecj.jar --enable-objc-gc --enable-multiarch --disable-werror --with-arch-32=i686 --with-abi=m64 --with-multilib-list=m32,m64,mx32 --enable-multilib --with-tune=generic --enable-checking=release --build=x86_64-linux-gnu --host=x86_64-linux-gnu --target=x86_64-linux-gnu]
  ignore line: [Thread model: posix]
  ignore line: [gcc version 5.3.1 20160413 (Ubuntu 5.3.1-14ubuntu2.1) ]
  ignore line: [COMPILER_PATH=/usr/lib/gcc/x86_64-linux-gnu/5/:/usr/lib/gcc/x86_64-linux-gnu/5/:/usr/lib/gcc/x86_64-linux-gnu/:/usr/lib/gcc/x86_64-linux-gnu/5/:/usr/lib/gcc/x86_64-linux-gnu/]
  ignore line: [LIBRARY_PATH=/usr/lib/gcc/x86_64-linux-gnu/5/:/usr/lib/gcc/x86_64-linux-gnu/5/../../../x86_64-linux-gnu/:/usr/lib/gcc/x86_64-linux-gnu/5/../../../../lib/:/lib/x86_64-linux-gnu/:/lib/../lib/:/usr/lib/x86_64-linux-gnu/:/usr/lib/../lib/:/usr/lib/gcc/x86_64-linux-gnu/5/../../../:/lib/:/usr/lib/]
  ignore line: [COLLECT_GCC_OPTIONS='-v' '-o' 'cmTC_0c352' '-rdynamic' '-shared-libgcc' '-mtune=generic' '-march=x86-64']
  link line: [ /usr/lib/gcc/x86_64-linux-gnu/5/collect2 -plugin /usr/lib/gcc/x86_64-linux-gnu/5/liblto_plugin.so -plugin-opt=/usr/lib/gcc/x86_64-linux-gnu/5/lto-wrapper -plugin-opt=-fresolution=/tmp/ccpeJiuG.res -plugin-opt=-pass-through=-lgcc_s -plugin-opt=-pass-through=-lgcc -plugin-opt=-pass-through=-lc -plugin-opt=-pass-through=-lgcc_s -plugin-opt=-pass-through=-lgcc --sysroot=/ --build-id --eh-frame-hdr -m elf_x86_64 --hash-style=gnu --as-needed -export-dynamic -dynamic-linker /lib64/ld-linux-x86-64.so.2 -z relro -o cmTC_0c352 /usr/lib/gcc/x86_64-linux-gnu/5/../../../x86_64-linux-gnu/crt1.o /usr/lib/gcc/x86_64-linux-gnu/5/../../../x86_64-linux-gnu/crti.o /usr/lib/gcc/x86_64-linux-gnu/5/crtbegin.o -L/usr/lib/gcc/x86_64-linux-gnu/5 -L/usr/lib/gcc/x86_64-linux-gnu/5/../../../x86_64-linux-gnu -L/usr/lib/gcc/x86_64-linux-gnu/5/../../../../lib -L/lib/x86_64-linux-gnu -L/lib/../lib -L/usr/lib/x86_64-linux-gnu -L/usr/lib/../lib -L/usr/lib/gcc/x86_64-linux-gnu/5/../../.. CMakeFiles/cmTC_0c352.dir/CMakeCXXCompilerABI.cpp.o -lstdc++ -lm -lgcc_s -lgcc -lc -lgcc_s -lgcc /usr/lib/gcc/x86_64-linux-gnu/5/crtend.o /usr/lib/gcc/x86_64-linux-gnu/5/../../../x86_64-linux-gnu/crtn.o]
    arg [/usr/lib/gcc/x86_64-linux-gnu/5/collect2] ==> ignore
    arg [-plugin] ==> ignore
    arg [/usr/lib/gcc/x86_64-linux-gnu/5/liblto_plugin.so] ==> ignore
    arg [-plugin-opt=/usr/lib/gcc/x86_64-linux-gnu/5/lto-wrapper] ==> ignore
    arg [-plugin-opt=-fresolution=/tmp/ccpeJiuG.res] ==> ignore
    arg [-plugin-opt=-pass-through=-lgcc_s] ==> ignore
    arg [-plugin-opt=-pass-through=-lgcc] ==> ignore
    arg [-plugin-opt=-pass-through=-lc] ==> ignore
    arg [-plugin-opt=-pass-through=-lgcc_s] ==> ignore
    arg [-plugin-opt=-pass-through=-lgcc] ==> ignore
    arg [--sysroot=/] ==> ignore
    arg [--build-id] ==> ignore
    arg [--eh-frame-hdr] ==> ignore
    arg [-m] ==> ignore
    arg [elf_x86_64] ==> ignore
    arg [--hash-style=gnu] ==> ignore
    arg [--as-needed] ==> ignore
    arg [-export-dynamic] ==> ignore
    arg [-dynamic-linker] ==> ignore
    arg [/lib64/ld-linux-x86-64.so.2] ==> ignore
    arg [-zrelro] ==> ignore
    arg [-o] ==> ignore
    arg [cmTC_0c352] ==> ignore
    arg [/usr/lib/gcc/x86_64-linux-gnu/5/../../../x86_64-linux-gnu/crt1.o] ==> ignore
    arg [/usr/lib/gcc/x86_64-linux-gnu/5/../../../x86_64-linux-gnu/crti.o] ==> ignore
    arg [/usr/lib/gcc/x86_64-linux-gnu/5/crtbegin.o] ==> ignore
    arg [-L/usr/lib/gcc/x86_64-linux-gnu/5] ==> dir [/usr/lib/gcc/x86_64-linux-gnu/5]
    arg [-L/usr/lib/gcc/x86_64-linux-gnu/5/../../../x86_64-linux-gnu] ==> dir [/usr/lib/gcc/x86_64-linux-gnu/5/../../../x86_64-linux-gnu]
    arg [-L/usr/lib/gcc/x86_64-linux-gnu/5/../../../../lib] ==> dir [/usr/lib/gcc/x86_64-linux-gnu/5/../../../../lib]
    arg [-L/lib/x86_64-linux-gnu] ==> dir [/lib/x86_64-linux-gnu]
    arg [-L/lib/../lib] ==> dir [/lib/../lib]
    arg [-L/usr/lib/x86_64-linux-gnu] ==> dir [/usr/lib/x86_64-linux-gnu]
    arg [-L/usr/lib/../lib] ==> dir [/usr/lib/../lib]
    arg [-L/usr/lib/gcc/x86_64-linux-gnu/5/../../..] ==> dir [/usr/lib/gcc/x86_64-linux-gnu/5/../../..]
    arg [CMakeFiles/cmTC_0c352.dir/CMakeCXXCompilerABI.cpp.o] ==> ignore
    arg [-lstdc++] ==> lib [stdc++]
    arg [-lm] ==> lib [m]
    arg [-lgcc_s] ==> lib [gcc_s]
    arg [-lgcc] ==> lib [gcc]
    arg [-lc] ==> lib [c]
    arg [-lgcc_s] ==> lib [gcc_s]
    arg [-lgcc] ==> lib [gcc]
    arg [/usr/lib/gcc/x86_64-linux-gnu/5/crtend.o] ==> ignore
    arg [/usr/lib/gcc/x86_64-linux-gnu/5/../../../x86_64-linux-gnu/crtn.o] ==> ignore
  remove lib [gcc_s]
  remove lib [gcc]
  remove lib [gcc_s]
  remove lib [gcc]
  collapse library dir [/usr/lib/gcc/x86_64-linux-gnu/5] ==> [/usr/lib/gcc/x86_64-linux-gnu/5]
  collapse library dir [/usr/lib/gcc/x86_64-linux-gnu/5/../../../x86_64-linux-gnu] ==> [/usr/lib/x86_64-linux-gnu]
  collapse library dir [/usr/lib/gcc/x86_64-linux-gnu/5/../../../../lib] ==> [/usr/lib]
  collapse library dir [/lib/x86_64-linux-gnu] ==> [/lib/x86_64-linux-gnu]
  collapse library dir [/lib/../lib] ==> [/lib]
  collapse library dir [/usr/lib/x86_64-linux-gnu] ==> [/usr/lib/x86_64-linux-gnu]
  collapse library dir [/usr/lib/../lib] ==> [/usr/lib]
  collapse library dir [/usr/lib/gcc/x86_64-linux-gnu/5/../../..] ==> [/usr/lib]
  implicit libs: [stdc++;m;c]
  implicit dirs: [/usr/lib/gcc/x86_64-linux-gnu/5;/usr/lib/x86_64-linux-gnu;/usr/lib;/lib/x86_64-linux-gnu;/lib]
  implicit fwks: []




Detecting CXX [-std=c++14] compiler features compiled with the following output:
Change Dir: /home/harshcrop/kopete/build/CMakeFiles/CMakeTmp

Run Build Command:"/usr/bin/make" "cmTC_6a571/fast"
/usr/bin/make -f CMakeFiles/cmTC_6a571.dir/build.make CMakeFiles/cmTC_6a571.dir/build
make[1]: Entering directory '/home/harshcrop/kopete/build/CMakeFiles/CMakeTmp'
Building CXX object CMakeFiles/cmTC_6a571.dir/feature_tests.cxx.o
/usr/bin/c++     -std=c++14 -o CMakeFiles/cmTC_6a571.dir/feature_tests.cxx.o -c /home/harshcrop/kopete/build/CMakeFiles/feature_tests.cxx
Linking CXX executable cmTC_6a571
/usr/bin/cmake -E cmake_link_script CMakeFiles/cmTC_6a571.dir/link.txt --verbose=1
/usr/bin/c++        CMakeFiles/cmTC_6a571.dir/feature_tests.cxx.o  -o cmTC_6a571 -rdynamic 
make[1]: Leaving directory '/home/harshcrop/kopete/build/CMakeFiles/CMakeTmp'


    Feature record: CXX_FEATURE:1cxx_aggregate_default_initializers
    Feature record: CXX_FEATURE:1cxx_alias_templates
    Feature record: CXX_FEATURE:1cxx_alignas
    Feature record: CXX_FEATURE:1cxx_alignof
    Feature record: CXX_FEATURE:1cxx_attributes
    Feature record: CXX_FEATURE:1cxx_attribute_deprecated
    Feature record: CXX_FEATURE:1cxx_auto_type
    Feature record: CXX_FEATURE:1cxx_binary_literals
    Feature record: CXX_FEATURE:1cxx_constexpr
    Feature record: CXX_FEATURE:1cxx_contextual_conversions
    Feature record: CXX_FEATURE:1cxx_decltype
    Feature record: CXX_FEATURE:1cxx_decltype_auto
    Feature record: CXX_FEATURE:1cxx_decltype_incomplete_return_types
    Feature record: CXX_FEATURE:1cxx_default_function_template_args
    Feature record: CXX_FEATURE:1cxx_defaulted_functions
    Feature record: CXX_FEATURE:1cxx_defaulted_move_initializers
    Feature record: CXX_FEATURE:1cxx_delegating_constructors
    Feature record: CXX_FEATURE:1cxx_deleted_functions
    Feature record: CXX_FEATURE:1cxx_digit_separators
    Feature record: CXX_FEATURE:1cxx_enum_forward_declarations
    Feature record: CXX_FEATURE:1cxx_explicit_conversions
    Feature record: CXX_FEATURE:1cxx_extended_friend_declarations
    Feature record: CXX_FEATURE:1cxx_extern_templates
    Feature record: CXX_FEATURE:1cxx_final
    Feature record: CXX_FEATURE:1cxx_func_identifier
    Feature record: CXX_FEATURE:1cxx_generalized_initializers
    Feature record: CXX_FEATURE:1cxx_generic_lambdas
    Feature record: CXX_FEATURE:1cxx_inheriting_constructors
    Feature record: CXX_FEATURE:1cxx_inline_namespaces
    Feature record: CXX_FEATURE:1cxx_lambdas
    Feature record: CXX_FEATURE:1cxx_lambda_init_captures
    Feature record: CXX_FEATURE:1cxx_local_type_template_args
    Feature record: CXX_FEATURE:1cxx_long_long_type
    Feature record: CXX_FEATURE:1cxx_noexcept
    Feature record: CXX_FEATURE:1cxx_nonstatic_member_init
    Feature record: CXX_FEATURE:1cxx_nullptr
    Feature record: CXX_FEATURE:1cxx_override
    Feature record: CXX_FEATURE:1cxx_range_for
    Feature record: CXX_FEATURE:1cxx_raw_string_literals
    Feature record: CXX_FEATURE:1cxx_reference_qualified_functions
    Feature record: CXX_FEATURE:1cxx_relaxed_constexpr
    Feature record: CXX_FEATURE:1cxx_return_type_deduction
    Feature record: CXX_FEATURE:1cxx_right_angle_brackets
    Feature record: CXX_FEATURE:1cxx_rvalue_references
    Feature record: CXX_FEATURE:1cxx_sizeof_member
    Feature record: CXX_FEATURE:1cxx_static_assert
    Feature record: CXX_FEATURE:1cxx_strong_enums
    Feature record: CXX_FEATURE:1cxx_template_template_parameters
    Feature record: CXX_FEATURE:1cxx_thread_local
    Feature record: CXX_FEATURE:1cxx_trailing_return_types
    Feature record: CXX_FEATURE:1cxx_unicode_literals
    Feature record: CXX_FEATURE:1cxx_uniform_initialization
    Feature record: CXX_FEATURE:1cxx_unrestricted_unions
    Feature record: CXX_FEATURE:1cxx_user_literals
    Feature record: CXX_FEATURE:1cxx_variable_templates
    Feature record: CXX_FEATURE:1cxx_variadic_macros
    Feature record: CXX_FEATURE:1cxx_variadic_templates


Detecting CXX [-std=c++11] compiler features compiled with the following output:
Change Dir: /home/harshcrop/kopete/build/CMakeFiles/CMakeTmp

Run Build Command:"/usr/bin/make" "cmTC_5fc12/fast"
/usr/bin/make -f CMakeFiles/cmTC_5fc12.dir/build.make CMakeFiles/cmTC_5fc12.dir/build
make[1]: Entering directory '/home/harshcrop/kopete/build/CMakeFiles/CMakeTmp'
Building CXX object CMakeFiles/cmTC_5fc12.dir/feature_tests.cxx.o
/usr/bin/c++     -std=c++11 -o CMakeFiles/cmTC_5fc12.dir/feature_tests.cxx.o -c /home/harshcrop/kopete/build/CMakeFiles/feature_tests.cxx
Linking CXX executable cmTC_5fc12
/usr/bin/cmake -E cmake_link_script CMakeFiles/cmTC_5fc12.dir/link.txt --verbose=1
/usr/bin/c++        CMakeFiles/cmTC_5fc12.dir/feature_tests.cxx.o  -o cmTC_5fc12 -rdynamic 
make[1]: Leaving directory '/home/harshcrop/kopete/build/CMakeFiles/CMakeTmp'


    Feature record: CXX_FEATURE:0cxx_aggregate_default_initializers
    Feature record: CXX_FEATURE:1cxx_alias_templates
    Feature record: CXX_FEATURE:1cxx_alignas
    Feature record: CXX_FEATURE:1cxx_alignof
    Feature record: CXX_FEATURE:1cxx_attributes
    Feature record: CXX_FEATURE:0cxx_attribute_deprecated
    Feature record: CXX_FEATURE:1cxx_auto_type
    Feature record: CXX_FEATURE:0cxx_binary_literals
    Feature record: CXX_FEATURE:1cxx_constexpr
    Feature record: CXX_FEATURE:0cxx_contextual_conversions
    Feature record: CXX_FEATURE:1cxx_decltype
    Feature record: CXX_FEATURE:0cxx_decltype_auto
    Feature record: CXX_FEATURE:1cxx_decltype_incomplete_return_types
    Feature record: CXX_FEATURE:1cxx_default_function_template_args
    Feature record: CXX_FEATURE:1cxx_defaulted_functions
    Feature record: CXX_FEATURE:1cxx_defaulted_move_initializers
    Feature record: CXX_FEATURE:1cxx_delegating_constructors
    Feature record: CXX_FEATURE:1cxx_deleted_functions
    Feature record: CXX_FEATURE:0cxx_digit_separators
    Feature record: CXX_FEATURE:1cxx_enum_forward_declarations
    Feature record: CXX_FEATURE:1cxx_explicit_conversions
    Feature record: CXX_FEATURE:1cxx_extended_friend_declarations
    Feature record: CXX_FEATURE:1cxx_extern_templates
    Feature record: CXX_FEATURE:1cxx_final
    Feature record: CXX_FEATURE:1cxx_func_identifier
    Feature record: CXX_FEATURE:1cxx_generalized_initializers
    Feature record: CXX_FEATURE:0cxx_generic_lambdas
    Feature record: CXX_FEATURE:1cxx_inheriting_constructors
    Feature record: CXX_FEATURE:1cxx_inline_namespaces
    Feature record: CXX_FEATURE:1cxx_lambdas
    Feature record: CXX_FEATURE:0cxx_lambda_init_captures
    Feature record: CXX_FEATURE:1cxx_local_type_template_args
    Feature record: CXX_FEATURE:1cxx_long_long_type
    Feature record: CXX_FEATURE:1cxx_noexcept
    Feature record: CXX_FEATURE:1cxx_nonstatic_member_init
    Feature record: CXX_FEATURE:1cxx_nullptr
    Feature record: CXX_FEATURE:1cxx_override
    Feature record: CXX_FEATURE:1cxx_range_for
    Feature record: CXX_FEATURE:1cxx_raw_string_literals
    Feature record: CXX_FEATURE:1cxx_reference_qualified_functions
    Feature record: CXX_FEATURE:0cxx_relaxed_constexpr
    Feature record: CXX_FEATURE:0cxx_return_type_deduction
    Feature record: CXX_FEATURE:1cxx_right_angle_brackets
    Feature record: CXX_FEATURE:1cxx_rvalue_references
    Feature record: CXX_FEATURE:1cxx_sizeof_member
    Feature record: CXX_FEATURE:1cxx_static_assert
    Feature record: CXX_FEATURE:1cxx_strong_enums
    Feature record: CXX_FEATURE:1cxx_template_template_parameters
    Feature record: CXX_FEATURE:1cxx_thread_local
    Feature record: CXX_FEATURE:1cxx_trailing_return_types
    Feature record: CXX_FEATURE:1cxx_unicode_literals
    Feature record: CXX_FEATURE:1cxx_uniform_initialization
    Feature record: CXX_FEATURE:1cxx_unrestricted_unions
    Feature record: CXX_FEATURE:1cxx_user_literals
    Feature record: CXX_FEATURE:0cxx_variable_templates
    Feature record: CXX_FEATURE:1cxx_variadic_macros
    Feature record: CXX_FEATURE:1cxx_variadic_templates


Detecting CXX [-std=c++98] compiler features compiled with the following output:
Change Dir: /home/harshcrop/kopete/build/CMakeFiles/CMakeTmp

Run Build Command:"/usr/bin/make" "cmTC_da754/fast"
/usr/bin/make -f CMakeFiles/cmTC_da754.dir/build.make CMakeFiles/cmTC_da754.dir/build
make[1]: Entering directory '/home/harshcrop/kopete/build/CMakeFiles/CMakeTmp'
Building CXX object CMakeFiles/cmTC_da754.dir/feature_tests.cxx.o
/usr/bin/c++     -std=c++98 -o CMakeFiles/cmTC_da754.dir/feature_tests.cxx.o -c /home/harshcrop/kopete/build/CMakeFiles/feature_tests.cxx
Linking CXX executable cmTC_da754
/usr/bin/cmake -E cmake_link_script CMakeFiles/cmTC_da754.dir/link.txt --verbose=1
/usr/bin/c++        CMakeFiles/cmTC_da754.dir/feature_tests.cxx.o  -o cmTC_da754 -rdynamic 
make[1]: Leaving directory '/home/harshcrop/kopete/build/CMakeFiles/CMakeTmp'


    Feature record: CXX_FEATURE:0cxx_aggregate_default_initializers
    Feature record: CXX_FEATURE:0cxx_alias_templates
    Feature record: CXX_FEATURE:0cxx_alignas
    Feature record: CXX_FEATURE:0cxx_alignof
    Feature record: CXX_FEATURE:0cxx_attributes
    Feature record: CXX_FEATURE:0cxx_attribute_deprecated
    Feature record: CXX_FEATURE:0cxx_auto_type
    Feature record: CXX_FEATURE:0cxx_binary_literals
    Feature record: CXX_FEATURE:0cxx_constexpr
    Feature record: CXX_FEATURE:0cxx_contextual_conversions
    Feature record: CXX_FEATURE:0cxx_decltype
    Feature record: CXX_FEATURE:0cxx_decltype_auto
    Feature record: CXX_FEATURE:0cxx_decltype_incomplete_return_types
    Feature record: CXX_FEATURE:0cxx_default_function_template_args
    Feature record: CXX_FEATURE:0cxx_defaulted_functions
    Feature record: CXX_FEATURE:0cxx_defaulted_move_initializers
    Feature record: CXX_FEATURE:0cxx_delegating_constructors
    Feature record: CXX_FEATURE:0cxx_deleted_functions
    Feature record: CXX_FEATURE:0cxx_digit_separators
    Feature record: CXX_FEATURE:0cxx_enum_forward_declarations
    Feature record: CXX_FEATURE:0cxx_explicit_conversions
    Feature record: CXX_FEATURE:0cxx_extended_friend_declarations
    Feature record: CXX_FEATURE:0cxx_extern_templates
    Feature record: CXX_FEATURE:0cxx_final
    Feature record: CXX_FEATURE:0cxx_func_identifier
    Feature record: CXX_FEATURE:0cxx_generalized_initializers
    Feature record: CXX_FEATURE:0cxx_generic_lambdas
    Feature record: CXX_FEATURE:0cxx_inheriting_constructors
    Feature record: CXX_FEATURE:0cxx_inline_namespaces
    Feature record: CXX_FEATURE:0cxx_lambdas
    Feature record: CXX_FEATURE:0cxx_lambda_init_captures
    Feature record: CXX_FEATURE:0cxx_local_type_template_args
    Feature record: CXX_FEATURE:0cxx_long_long_type
    Feature record: CXX_FEATURE:0cxx_noexcept
    Feature record: CXX_FEATURE:0cxx_nonstatic_member_init
    Feature record: CXX_FEATURE:0cxx_nullptr
    Feature record: CXX_FEATURE:0cxx_override
    Feature record: CXX_FEATURE:0cxx_range_for
    Feature record: CXX_FEATURE:0cxx_raw_string_literals
    Feature record: CXX_FEATURE:0cxx_reference_qualified_functions
    Feature record: CXX_FEATURE:0cxx_relaxed_constexpr
    Feature record: CXX_FEATURE:0cxx_return_type_deduction
    Feature record: CXX_FEATURE:0cxx_right_angle_brackets
    Feature record: CXX_FEATURE:0cxx_rvalue_references
    Feature record: CXX_FEATURE:0cxx_sizeof_member
    Feature record: CXX_FEATURE:0cxx_static_assert
    Feature record: CXX_FEATURE:0cxx_strong_enums
    Feature record: CXX_FEATURE:1cxx_template_template_parameters
    Feature record: CXX_FEATURE:0cxx_thread_local
    Feature record: CXX_FEATURE:0cxx_trailing_return_types
    Feature record: CXX_FEATURE:0cxx_unicode_literals
    Feature record: CXX_FEATURE:0cxx_uniform_initialization
    Feature record: CXX_FEATURE:0cxx_unrestricted_unions
    Feature record: CXX_FEATURE:0cxx_user_literals
    Feature record: CXX_FEATURE:0cxx_variable_templates
    Feature record: CXX_FEATURE:0cxx_variadic_macros
    Feature record: CXX_FEATURE:0cxx_variadic_templates
Determining if the Q_WS_X11 exist passed with the following output:
Change Dir: /home/harshcrop/kopete/build/CMakeFiles/CMakeTmp

Run Build Command:"/usr/bin/make" "cmTC_15bbd/fast"
/usr/bin/make -f CMakeFiles/cmTC_15bbd.dir/build.make CMakeFiles/cmTC_15bbd.dir/build
make[1]: Entering directory '/home/harshcrop/kopete/build/CMakeFiles/CMakeTmp'
Building C object CMakeFiles/cmTC_15bbd.dir/CheckSymbolExists.c.o
/usr/bin/cc   -I/usr/include/qt4   -o CMakeFiles/cmTC_15bbd.dir/CheckSymbolExists.c.o   -c /home/harshcrop/kopete/build/CMakeFiles/CMakeTmp/CheckSymbolExists.c
Linking C executable cmTC_15bbd
/usr/bin/cmake -E cmake_link_script CMakeFiles/cmTC_15bbd.dir/link.txt --verbose=1
/usr/bin/cc       CMakeFiles/cmTC_15bbd.dir/CheckSymbolExists.c.o  -o cmTC_15bbd -rdynamic 
make[1]: Leaving directory '/home/harshcrop/kopete/build/CMakeFiles/CMakeTmp'

File /home/harshcrop/kopete/build/CMakeFiles/CMakeTmp/CheckSymbolExists.c:
/* */
#include <QtCore/qglobal.h>

int main(int argc, char** argv)
{
  (void)argv;
#ifndef Q_WS_X11
  return ((int*)(&Q_WS_X11))[argc];
#else
  (void)argc;
  return 0;
#endif
}

Determining if the function XOpenDisplay exists in the /usr/lib/x86_64-linux-gnu/libX11.so;/usr/lib/x86_64-linux-gnu/libXext.so;/usr/lib/x86_64-linux-gnu/libXau.so;/usr/lib/x86_64-linux-gnu/libXdmcp.so passed with the following output:
Change Dir: /home/harshcrop/kopete/build/CMakeFiles/CMakeTmp

Run Build Command:"/usr/bin/make" "cmTC_54536/fast"
/usr/bin/make -f CMakeFiles/cmTC_54536.dir/build.make CMakeFiles/cmTC_54536.dir/build
make[1]: Entering directory '/home/harshcrop/kopete/build/CMakeFiles/CMakeTmp'
Building C object CMakeFiles/cmTC_54536.dir/CheckFunctionExists.c.o
/usr/bin/cc    -DCHECK_FUNCTION_EXISTS=XOpenDisplay   -o CMakeFiles/cmTC_54536.dir/CheckFunctionExists.c.o   -c /usr/share/cmake-3.5/Modules/CheckFunctionExists.c
Linking C executable cmTC_54536
/usr/bin/cmake -E cmake_link_script CMakeFiles/cmTC_54536.dir/link.txt --verbose=1
/usr/bin/cc   -DCHECK_FUNCTION_EXISTS=XOpenDisplay    CMakeFiles/cmTC_54536.dir/CheckFunctionExists.c.o  -o cmTC_54536 -rdynamic /usr/lib/x86_64-linux-gnu/libX11.so /usr/lib/x86_64-linux-gnu/libXext.so /usr/lib/x86_64-linux-gnu/libXau.so /usr/lib/x86_64-linux-gnu/libXdmcp.so 
make[1]: Leaving directory '/home/harshcrop/kopete/build/CMakeFiles/CMakeTmp'


Determining if the function gethostbyname exists passed with the following output:
Change Dir: /home/harshcrop/kopete/build/CMakeFiles/CMakeTmp

Run Build Command:"/usr/bin/make" "cmTC_194d5/fast"
/usr/bin/make -f CMakeFiles/cmTC_194d5.dir/build.make CMakeFiles/cmTC_194d5.dir/build
make[1]: Entering directory '/home/harshcrop/kopete/build/CMakeFiles/CMakeTmp'
Building C object CMakeFiles/cmTC_194d5.dir/CheckFunctionExists.c.o
/usr/bin/cc    -DCHECK_FUNCTION_EXISTS=gethostbyname   -o CMakeFiles/cmTC_194d5.dir/CheckFunctionExists.c.o   -c /usr/share/cmake-3.5/Modules/CheckFunctionExists.c
Linking C executable cmTC_194d5
/usr/bin/cmake -E cmake_link_script CMakeFiles/cmTC_194d5.dir/link.txt --verbose=1
/usr/bin/cc   -DCHECK_FUNCTION_EXISTS=gethostbyname    CMakeFiles/cmTC_194d5.dir/CheckFunctionExists.c.o  -o cmTC_194d5 -rdynamic 
make[1]: Leaving directory '/home/harshcrop/kopete/build/CMakeFiles/CMakeTmp'


Determining if the function connect exists passed with the following output:
Change Dir: /home/harshcrop/kopete/build/CMakeFiles/CMakeTmp

Run Build Command:"/usr/bin/make" "cmTC_d0e10/fast"
/usr/bin/make -f CMakeFiles/cmTC_d0e10.dir/build.make CMakeFiles/cmTC_d0e10.dir/build
make[1]: Entering directory '/home/harshcrop/kopete/build/CMakeFiles/CMakeTmp'
Building C object CMakeFiles/cmTC_d0e10.dir/CheckFunctionExists.c.o
/usr/bin/cc    -DCHECK_FUNCTION_EXISTS=connect   -o CMakeFiles/cmTC_d0e10.dir/CheckFunctionExists.c.o   -c /usr/share/cmake-3.5/Modules/CheckFunctionExists.c
Linking C executable cmTC_d0e10
/usr/bin/cmake -E cmake_link_script CMakeFiles/cmTC_d0e10.dir/link.txt --verbose=1
/usr/bin/cc   -DCHECK_FUNCTION_EXISTS=connect    CMakeFiles/cmTC_d0e10.dir/CheckFunctionExists.c.o  -o cmTC_d0e10 -rdynamic 
make[1]: Leaving directory '/home/harshcrop/kopete/build/CMakeFiles/CMakeTmp'


Determining if the function remove exists passed with the following output:
Change Dir: /home/harshcrop/kopete/build/CMakeFiles/CMakeTmp

Run Build Command:"/usr/bin/make" "cmTC_6d7ac/fast"
/usr/bin/make -f CMakeFiles/cmTC_6d7ac.dir/build.make CMakeFiles/cmTC_6d7ac.dir/build
make[1]: Entering directory '/home/harshcrop/kopete/build/CMakeFiles/CMakeTmp'
Building C object CMakeFiles/cmTC_6d7ac.dir/CheckFunctionExists.c.o
/usr/bin/cc    -DCHECK_FUNCTION_EXISTS=remove   -o CMakeFiles/cmTC_6d7ac.dir/CheckFunctionExists.c.o   -c /usr/share/cmake-3.5/Modules/CheckFunctionExists.c
Linking C executable cmTC_6d7ac
/usr/bin/cmake -E cmake_link_script CMakeFiles/cmTC_6d7ac.dir/link.txt --verbose=1
/usr/bin/cc   -DCHECK_FUNCTION_EXISTS=remove    CMakeFiles/cmTC_6d7ac.dir/CheckFunctionExists.c.o  -o cmTC_6d7ac -rdynamic 
make[1]: Leaving directory '/home/harshcrop/kopete/build/CMakeFiles/CMakeTmp'


Determining if the function shmat exists passed with the following output:
Change Dir: /home/harshcrop/kopete/build/CMakeFiles/CMakeTmp

Run Build Command:"/usr/bin/make" "cmTC_90d66/fast"
/usr/bin/make -f CMakeFiles/cmTC_90d66.dir/build.make CMakeFiles/cmTC_90d66.dir/build
make[1]: Entering directory '/home/harshcrop/kopete/build/CMakeFiles/CMakeTmp'
Building C object CMakeFiles/cmTC_90d66.dir/CheckFunctionExists.c.o
/usr/bin/cc    -DCHECK_FUNCTION_EXISTS=shmat   -o CMakeFiles/cmTC_90d66.dir/CheckFunctionExists.c.o   -c /usr/share/cmake-3.5/Modules/CheckFunctionExists.c
Linking C executable cmTC_90d66
/usr/bin/cmake -E cmake_link_script CMakeFiles/cmTC_90d66.dir/link.txt --verbose=1
/usr/bin/cc   -DCHECK_FUNCTION_EXISTS=shmat    CMakeFiles/cmTC_90d66.dir/CheckFunctionExists.c.o  -o cmTC_90d66 -rdynamic 
make[1]: Leaving directory '/home/harshcrop/kopete/build/CMakeFiles/CMakeTmp'


Determining if the include file pthread.h exists passed with the following output:
Change Dir: /home/harshcrop/kopete/build/CMakeFiles/CMakeTmp

Run Build Command:"/usr/bin/make" "cmTC_24de8/fast"
/usr/bin/make -f CMakeFiles/cmTC_24de8.dir/build.make CMakeFiles/cmTC_24de8.dir/build
make[1]: Entering directory '/home/harshcrop/kopete/build/CMakeFiles/CMakeTmp'
Building C object CMakeFiles/cmTC_24de8.dir/CheckIncludeFile.c.o
/usr/bin/cc     -o CMakeFiles/cmTC_24de8.dir/CheckIncludeFile.c.o   -c /home/harshcrop/kopete/build/CMakeFiles/CMakeTmp/CheckIncludeFile.c
Linking C executable cmTC_24de8
/usr/bin/cmake -E cmake_link_script CMakeFiles/cmTC_24de8.dir/link.txt --verbose=1
/usr/bin/cc       CMakeFiles/cmTC_24de8.dir/CheckIncludeFile.c.o  -o cmTC_24de8 -rdynamic 
make[1]: Leaving directory '/home/harshcrop/kopete/build/CMakeFiles/CMakeTmp'


Determining if the function pthread_create exists in the pthread passed with the following output:
Change Dir: /home/harshcrop/kopete/build/CMakeFiles/CMakeTmp

Run Build Command:"/usr/bin/make" "cmTC_4f453/fast"
/usr/bin/make -f CMakeFiles/cmTC_4f453.dir/build.make CMakeFiles/cmTC_4f453.dir/build
make[1]: Entering directory '/home/harshcrop/kopete/build/CMakeFiles/CMakeTmp'
Building C object CMakeFiles/cmTC_4f453.dir/CheckFunctionExists.c.o
/usr/bin/cc    -DCHECK_FUNCTION_EXISTS=pthread_create   -o CMakeFiles/cmTC_4f453.dir/CheckFunctionExists.c.o   -c /usr/share/cmake-3.5/Modules/CheckFunctionExists.c
Linking C executable cmTC_4f453
/usr/bin/cmake -E cmake_link_script CMakeFiles/cmTC_4f453.dir/link.txt --verbose=1
/usr/bin/cc   -DCHECK_FUNCTION_EXISTS=pthread_create    CMakeFiles/cmTC_4f453.dir/CheckFunctionExists.c.o  -o cmTC_4f453 -rdynamic -lpthread 
make[1]: Leaving directory '/home/harshcrop/kopete/build/CMakeFiles/CMakeTmp'


Determining if the _POSIX_TIMERS exist passed with the following output:
Change Dir: /home/harshcrop/kopete/build/CMakeFiles/CMakeTmp

Run Build Command:"/usr/bin/make" "cmTC_0be45/fast"
/usr/bin/make -f CMakeFiles/cmTC_0be45.dir/build.make CMakeFiles/cmTC_0be45.dir/build
make[1]: Entering directory '/home/harshcrop/kopete/build/CMakeFiles/CMakeTmp'
Building C object CMakeFiles/cmTC_0be45.dir/CheckSymbolExists.c.o
/usr/bin/cc     -o CMakeFiles/cmTC_0be45.dir/CheckSymbolExists.c.o   -c /home/harshcrop/kopete/build/CMakeFiles/CMakeTmp/CheckSymbolExists.c
Linking C executable cmTC_0be45
/usr/bin/cmake -E cmake_link_script CMakeFiles/cmTC_0be45.dir/link.txt --verbose=1
/usr/bin/cc       CMakeFiles/cmTC_0be45.dir/CheckSymbolExists.c.o  -o cmTC_0be45 -rdynamic -lrt 
make[1]: Leaving directory '/home/harshcrop/kopete/build/CMakeFiles/CMakeTmp'

File /home/harshcrop/kopete/build/CMakeFiles/CMakeTmp/CheckSymbolExists.c:
/* */
#include <unistd.h>
#include <time.h>

int main(int argc, char** argv)
{
  (void)argv;
#ifndef _POSIX_TIMERS
  return ((int*)(&_POSIX_TIMERS))[argc];
#else
  (void)argc;
  return 0;
#endif
}

Performing C++ SOURCE FILE Test _OFFT_IS_64BIT succeeded with the following output:
Change Dir: /home/harshcrop/kopete/build/CMakeFiles/CMakeTmp

Run Build Command:"/usr/bin/make" "cmTC_2840c/fast"
/usr/bin/make -f CMakeFiles/cmTC_2840c.dir/build.make CMakeFiles/cmTC_2840c.dir/build
make[1]: Entering directory '/home/harshcrop/kopete/build/CMakeFiles/CMakeTmp'
Building CXX object CMakeFiles/cmTC_2840c.dir/src.cxx.o
/usr/bin/c++     -D_OFFT_IS_64BIT   -o CMakeFiles/cmTC_2840c.dir/src.cxx.o -c /home/harshcrop/kopete/build/CMakeFiles/CMakeTmp/src.cxx
Linking CXX executable cmTC_2840c
/usr/bin/cmake -E cmake_link_script CMakeFiles/cmTC_2840c.dir/link.txt --verbose=1
/usr/bin/c++    -D_OFFT_IS_64BIT    CMakeFiles/cmTC_2840c.dir/src.cxx.o  -o cmTC_2840c -rdynamic 
make[1]: Leaving directory '/home/harshcrop/kopete/build/CMakeFiles/CMakeTmp'

Source file was:

#include <sys/types.h>
 /* Check that off_t can represent 2**63 - 1 correctly.
    We can't simply define LARGE_OFF_T to be 9223372036854775807,
    since some C++ compilers masquerading as C compilers
    incorrectly reject 9223372036854775807.  */
#define LARGE_OFF_T (((off_t) 1 << 62) - 1 + ((off_t) 1 << 62))

  int off_t_is_large[(LARGE_OFF_T % 2147483629 == 721 && LARGE_OFF_T % 2147483647 == 1) ? 1 : -1];
  int main() { return 0; }

Performing C++ SOURCE FILE Test HAVE_FPIE_SUPPORT succeeded with the following output:
Change Dir: /home/harshcrop/kopete/build/CMakeFiles/CMakeTmp

Run Build Command:"/usr/bin/make" "cmTC_1f7ec/fast"
/usr/bin/make -f CMakeFiles/cmTC_1f7ec.dir/build.make CMakeFiles/cmTC_1f7ec.dir/build
make[1]: Entering directory '/home/harshcrop/kopete/build/CMakeFiles/CMakeTmp'
Building CXX object CMakeFiles/cmTC_1f7ec.dir/src.cxx.o
/usr/bin/c++     -Wnon-virtual-dtor -Wno-long-long -Wundef -Wcast-align -Wchar-subscripts -Wall -W -Wpointer-arith -Wformat-security -fno-exceptions -DQT_NO_EXCEPTIONS -fno-check-new -fno-common -DHAVE_FPIE_SUPPORT   -fPIE -o CMakeFiles/cmTC_1f7ec.dir/src.cxx.o -c /home/harshcrop/kopete/build/CMakeFiles/CMakeTmp/src.cxx
Linking CXX executable cmTC_1f7ec
/usr/bin/cmake -E cmake_link_script CMakeFiles/cmTC_1f7ec.dir/link.txt --verbose=1
/usr/bin/c++    -Wnon-virtual-dtor -Wno-long-long -Wundef -Wcast-align -Wchar-subscripts -Wall -W -Wpointer-arith -Wformat-security -fno-exceptions -DQT_NO_EXCEPTIONS -fno-check-new -fno-common -DHAVE_FPIE_SUPPORT    CMakeFiles/cmTC_1f7ec.dir/src.cxx.o  -o cmTC_1f7ec -rdynamic 
make[1]: Leaving directory '/home/harshcrop/kopete/build/CMakeFiles/CMakeTmp'

Source file was:
int main() { return 0; }
Performing C++ SOURCE FILE Test __KDE_HAVE_W_OVERLOADED_VIRTUAL succeeded with the following output:
Change Dir: /home/harshcrop/kopete/build/CMakeFiles/CMakeTmp

Run Build Command:"/usr/bin/make" "cmTC_40c7e/fast"
/usr/bin/make -f CMakeFiles/cmTC_40c7e.dir/build.make CMakeFiles/cmTC_40c7e.dir/build
make[1]: Entering directory '/home/harshcrop/kopete/build/CMakeFiles/CMakeTmp'
Building CXX object CMakeFiles/cmTC_40c7e.dir/src.cxx.o
/usr/bin/c++     -Wnon-virtual-dtor -Wno-long-long -Wundef -Wcast-align -Wchar-subscripts -Wall -W -Wpointer-arith -Wformat-security -fno-exceptions -DQT_NO_EXCEPTIONS -fno-check-new -fno-common -D__KDE_HAVE_W_OVERLOADED_VIRTUAL   -Woverloaded-virtual -o CMakeFiles/cmTC_40c7e.dir/src.cxx.o -c /home/harshcrop/kopete/build/CMakeFiles/CMakeTmp/src.cxx
Linking CXX executable cmTC_40c7e
/usr/bin/cmake -E cmake_link_script CMakeFiles/cmTC_40c7e.dir/link.txt --verbose=1
/usr/bin/c++    -Wnon-virtual-dtor -Wno-long-long -Wundef -Wcast-align -Wchar-subscripts -Wall -W -Wpointer-arith -Wformat-security -fno-exceptions -DQT_NO_EXCEPTIONS -fno-check-new -fno-common -D__KDE_HAVE_W_OVERLOADED_VIRTUAL    CMakeFiles/cmTC_40c7e.dir/src.cxx.o  -o cmTC_40c7e -rdynamic 
make[1]: Leaving directory '/home/harshcrop/kopete/build/CMakeFiles/CMakeTmp'

Source file was:
int main() { return 0; }
Performing C++ SOURCE FILE Test __KDE_HAVE_GCC_VISIBILITY succeeded with the following output:
Change Dir: /home/harshcrop/kopete/build/CMakeFiles/CMakeTmp

Run Build Command:"/usr/bin/make" "cmTC_ef86b/fast"
/usr/bin/make -f CMakeFiles/cmTC_ef86b.dir/build.make CMakeFiles/cmTC_ef86b.dir/build
make[1]: Entering directory '/home/harshcrop/kopete/build/CMakeFiles/CMakeTmp'
Building CXX object CMakeFiles/cmTC_ef86b.dir/src.cxx.o
/usr/bin/c++     -Wnon-virtual-dtor -Wno-long-long -Wundef -Wcast-align -Wchar-subscripts -Wall -W -Wpointer-arith -Wformat-security -fno-exceptions -DQT_NO_EXCEPTIONS -fno-check-new -fno-common -Woverloaded-virtual -D__KDE_HAVE_GCC_VISIBILITY   -fvisibility=hidden -o CMakeFiles/cmTC_ef86b.dir/src.cxx.o -c /home/harshcrop/kopete/build/CMakeFiles/CMakeTmp/src.cxx
Linking CXX executable cmTC_ef86b
/usr/bin/cmake -E cmake_link_script CMakeFiles/cmTC_ef86b.dir/link.txt --verbose=1
/usr/bin/c++    -Wnon-virtual-dtor -Wno-long-long -Wundef -Wcast-align -Wchar-subscripts -Wall -W -Wpointer-arith -Wformat-security -fno-exceptions -DQT_NO_EXCEPTIONS -fno-check-new -fno-common -Woverloaded-virtual -D__KDE_HAVE_GCC_VISIBILITY    CMakeFiles/cmTC_ef86b.dir/src.cxx.o  -o cmTC_ef86b -rdynamic 
make[1]: Leaving directory '/home/harshcrop/kopete/build/CMakeFiles/CMakeTmp'

Source file was:
int main() { return 0; }
Performing C SOURCE FILE Test GIF_GifFileType_UserData succeeded with the following output:
Change Dir: /home/harshcrop/kopete/build/CMakeFiles/CMakeTmp

Run Build Command:"/usr/bin/make" "cmTC_f0132/fast"
/usr/bin/make -f CMakeFiles/cmTC_f0132.dir/build.make CMakeFiles/cmTC_f0132.dir/build
make[1]: Entering directory '/home/harshcrop/kopete/build/CMakeFiles/CMakeTmp'
Building C object CMakeFiles/cmTC_f0132.dir/src.c.o
/usr/bin/cc  -D_BSD_SOURCE -D_DEFAULT_SOURCE -D_GNU_SOURCE -D_LARGEFILE64_SOURCE -D_XOPEN_SOURCE=500  -Wno-long-long -std=iso9899:1990 -Wundef -Wcast-align -Werror-implicit-function-declaration -Wchar-subscripts -Wall -W -Wpointer-arith -Wwrite-strings -Wformat-security -Wmissing-format-attribute -fno-common -DGIF_GifFileType_UserData   -o CMakeFiles/cmTC_f0132.dir/src.c.o   -c /home/harshcrop/kopete/build/CMakeFiles/CMakeTmp/src.c
Linking C executable cmTC_f0132
/usr/bin/cmake -E cmake_link_script CMakeFiles/cmTC_f0132.dir/link.txt --verbose=1
/usr/bin/cc   -Wno-long-long -std=iso9899:1990 -Wundef -Wcast-align -Werror-implicit-function-declaration -Wchar-subscripts -Wall -W -Wpointer-arith -Wwrite-strings -Wformat-security -Wmissing-format-attribute -fno-common -DGIF_GifFileType_UserData    CMakeFiles/cmTC_f0132.dir/src.c.o  -o cmTC_f0132 -rdynamic 
make[1]: Leaving directory '/home/harshcrop/kopete/build/CMakeFiles/CMakeTmp'

Source file was:

#include <gif_lib.h>

int main()
{
   (void)sizeof(((GifFileType *)0)->UserData);
   return 0;
}

Determining if the function IceConnectionNumber exists in the ICE passed with the following output:
Change Dir: /home/harshcrop/kopete/build/CMakeFiles/CMakeTmp

Run Build Command:"/usr/bin/make" "cmTC_6658e/fast"
/usr/bin/make -f CMakeFiles/cmTC_6658e.dir/build.make CMakeFiles/cmTC_6658e.dir/build
make[1]: Entering directory '/home/harshcrop/kopete/build/CMakeFiles/CMakeTmp'
Building C object CMakeFiles/cmTC_6658e.dir/CheckFunctionExists.c.o
/usr/bin/cc    -DCHECK_FUNCTION_EXISTS=IceConnectionNumber   -o CMakeFiles/cmTC_6658e.dir/CheckFunctionExists.c.o   -c /usr/share/cmake-3.5/Modules/CheckFunctionExists.c
Linking C executable cmTC_6658e
/usr/bin/cmake -E cmake_link_script CMakeFiles/cmTC_6658e.dir/link.txt --verbose=1
/usr/bin/cc   -DCHECK_FUNCTION_EXISTS=IceConnectionNumber    CMakeFiles/cmTC_6658e.dir/CheckFunctionExists.c.o  -o cmTC_6658e -rdynamic -lICE 
make[1]: Leaving directory '/home/harshcrop/kopete/build/CMakeFiles/CMakeTmp'


Determining if the function gethostbyname exists in the nsl passed with the following output:
Change Dir: /home/harshcrop/kopete/build/CMakeFiles/CMakeTmp

Run Build Command:"/usr/bin/make" "cmTC_3bf36/fast"
/usr/bin/make -f CMakeFiles/cmTC_3bf36.dir/build.make CMakeFiles/cmTC_3bf36.dir/build
make[1]: Entering directory '/home/harshcrop/kopete/build/CMakeFiles/CMakeTmp'
Building C object CMakeFiles/cmTC_3bf36.dir/CheckFunctionExists.c.o
/usr/bin/cc  -D_BSD_SOURCE -D_DEFAULT_SOURCE -D_GNU_SOURCE -D_LARGEFILE64_SOURCE -D_XOPEN_SOURCE=500  -Wno-long-long -std=iso9899:1990 -Wundef -Wcast-align -Werror-implicit-function-declaration -Wchar-subscripts -Wall -W -Wpointer-arith -Wwrite-strings -Wformat-security -Wmissing-format-attribute -fno-common -std=gnu90 -DCHECK_FUNCTION_EXISTS=gethostbyname   -o CMakeFiles/cmTC_3bf36.dir/CheckFunctionExists.c.o   -c /usr/share/cmake-3.5/Modules/CheckFunctionExists.c
Linking C executable cmTC_3bf36
/usr/bin/cmake -E cmake_link_script CMakeFiles/cmTC_3bf36.dir/link.txt --verbose=1
/usr/bin/cc   -Wno-long-long -std=iso9899:1990 -Wundef -Wcast-align -Werror-implicit-function-declaration -Wchar-subscripts -Wall -W -Wpointer-arith -Wwrite-strings -Wformat-security -Wmissing-format-attribute -fno-common -std=gnu90 -DCHECK_FUNCTION_EXISTS=gethostbyname    CMakeFiles/cmTC_3bf36.dir/CheckFunctionExists.c.o  -o cmTC_3bf36 -rdynamic -lnsl 
make[1]: Leaving directory '/home/harshcrop/kopete/build/CMakeFiles/CMakeTmp'


Determining if the function GifErrorString exists passed with the following output:
Change Dir: /home/harshcrop/kopete/build/CMakeFiles/CMakeTmp

Run Build Command:"/usr/bin/make" "cmTC_5c2de/fast"
/usr/bin/make -f CMakeFiles/cmTC_5c2de.dir/build.make CMakeFiles/cmTC_5c2de.dir/build
make[1]: Entering directory '/home/harshcrop/kopete/build/CMakeFiles/CMakeTmp'
Building C object CMakeFiles/cmTC_5c2de.dir/CheckFunctionExists.c.o
/usr/bin/cc  -D_BSD_SOURCE -D_DEFAULT_SOURCE -D_GNU_SOURCE -D_LARGEFILE64_SOURCE -D_XOPEN_SOURCE=500  -Wno-long-long -std=iso9899:1990 -Wundef -Wcast-align -Werror-implicit-function-declaration -Wchar-subscripts -Wall -W -Wpointer-arith -Wwrite-strings -Wformat-security -Wmissing-format-attribute -fno-common -DCHECK_FUNCTION_EXISTS=GifErrorString   -o CMakeFiles/cmTC_5c2de.dir/CheckFunctionExists.c.o   -c /usr/share/cmake-3.5/Modules/CheckFunctionExists.c
Linking C executable cmTC_5c2de
/usr/bin/cmake -E cmake_link_script CMakeFiles/cmTC_5c2de.dir/link.txt --verbose=1
/usr/bin/cc   -Wno-long-long -std=iso9899:1990 -Wundef -Wcast-align -Werror-implicit-function-declaration -Wchar-subscripts -Wall -W -Wpointer-arith -Wwrite-strings -Wformat-security -Wmissing-format-attribute -fno-common -DCHECK_FUNCTION_EXISTS=GifErrorString    CMakeFiles/cmTC_5c2de.dir/CheckFunctionExists.c.o  -o cmTC_5c2de -rdynamic /usr/lib/x86_64-linux-gnu/libgif.so 
make[1]: Leaving directory '/home/harshcrop/kopete/build/CMakeFiles/CMakeTmp'


