Determining if the Q_WS_WIN exist failed with the following output:
Change Dir: /home/harshcrop/kopete/build/CMakeFiles/CMakeTmp

Run Build Command:"/usr/bin/make" "cmTC_6b4e0/fast"
/usr/bin/make -f CMakeFiles/cmTC_6b4e0.dir/build.make CMakeFiles/cmTC_6b4e0.dir/build
make[1]: Entering directory '/home/harshcrop/kopete/build/CMakeFiles/CMakeTmp'
Building C object CMakeFiles/cmTC_6b4e0.dir/CheckSymbolExists.c.o
/usr/bin/cc   -I/usr/include/qt4   -o CMakeFiles/cmTC_6b4e0.dir/CheckSymbolExists.c.o   -c /home/harshcrop/kopete/build/CMakeFiles/CMakeTmp/CheckSymbolExists.c
/home/harshcrop/kopete/build/CMakeFiles/CMakeTmp/CheckSymbolExists.c: In function ‘main’:
/home/harshcrop/kopete/build/CMakeFiles/CMakeTmp/CheckSymbolExists.c:8:19: error: ‘Q_WS_WIN’ undeclared (first use in this function)
   return ((int*)(&Q_WS_WIN))[argc];
                   ^
/home/harshcrop/kopete/build/CMakeFiles/CMakeTmp/CheckSymbolExists.c:8:19: note: each undeclared identifier is reported only once for each function it appears in
CMakeFiles/cmTC_6b4e0.dir/build.make:65: recipe for target 'CMakeFiles/cmTC_6b4e0.dir/CheckSymbolExists.c.o' failed
make[1]: *** [CMakeFiles/cmTC_6b4e0.dir/CheckSymbolExists.c.o] Error 1
make[1]: Leaving directory '/home/harshcrop/kopete/build/CMakeFiles/CMakeTmp'
Makefile:126: recipe for target 'cmTC_6b4e0/fast' failed
make: *** [cmTC_6b4e0/fast] Error 2

File /home/harshcrop/kopete/build/CMakeFiles/CMakeTmp/CheckSymbolExists.c:
/* */
#include <QtCore/qglobal.h>

int main(int argc, char** argv)
{
  (void)argv;
#ifndef Q_WS_WIN
  return ((int*)(&Q_WS_WIN))[argc];
#else
  (void)argc;
  return 0;
#endif
}

Determining if the Q_WS_QWS exist failed with the following output:
Change Dir: /home/harshcrop/kopete/build/CMakeFiles/CMakeTmp

Run Build Command:"/usr/bin/make" "cmTC_5658b/fast"
/usr/bin/make -f CMakeFiles/cmTC_5658b.dir/build.make CMakeFiles/cmTC_5658b.dir/build
make[1]: Entering directory '/home/harshcrop/kopete/build/CMakeFiles/CMakeTmp'
Building C object CMakeFiles/cmTC_5658b.dir/CheckSymbolExists.c.o
/usr/bin/cc   -I/usr/include/qt4   -o CMakeFiles/cmTC_5658b.dir/CheckSymbolExists.c.o   -c /home/harshcrop/kopete/build/CMakeFiles/CMakeTmp/CheckSymbolExists.c
/home/harshcrop/kopete/build/CMakeFiles/CMakeTmp/CheckSymbolExists.c: In function ‘main’:
/home/harshcrop/kopete/build/CMakeFiles/CMakeTmp/CheckSymbolExists.c:8:19: error: ‘Q_WS_QWS’ undeclared (first use in this function)
   return ((int*)(&Q_WS_QWS))[argc];
                   ^
/home/harshcrop/kopete/build/CMakeFiles/CMakeTmp/CheckSymbolExists.c:8:19: note: each undeclared identifier is reported only once for each function it appears in
CMakeFiles/cmTC_5658b.dir/build.make:65: recipe for target 'CMakeFiles/cmTC_5658b.dir/CheckSymbolExists.c.o' failed
make[1]: *** [CMakeFiles/cmTC_5658b.dir/CheckSymbolExists.c.o] Error 1
make[1]: Leaving directory '/home/harshcrop/kopete/build/CMakeFiles/CMakeTmp'
Makefile:126: recipe for target 'cmTC_5658b/fast' failed
make: *** [cmTC_5658b/fast] Error 2

File /home/harshcrop/kopete/build/CMakeFiles/CMakeTmp/CheckSymbolExists.c:
/* */
#include <QtCore/qglobal.h>

int main(int argc, char** argv)
{
  (void)argv;
#ifndef Q_WS_QWS
  return ((int*)(&Q_WS_QWS))[argc];
#else
  (void)argc;
  return 0;
#endif
}

Determining if the Q_WS_MAC exist failed with the following output:
Change Dir: /home/harshcrop/kopete/build/CMakeFiles/CMakeTmp

Run Build Command:"/usr/bin/make" "cmTC_8bb2d/fast"
/usr/bin/make -f CMakeFiles/cmTC_8bb2d.dir/build.make CMakeFiles/cmTC_8bb2d.dir/build
make[1]: Entering directory '/home/harshcrop/kopete/build/CMakeFiles/CMakeTmp'
Building C object CMakeFiles/cmTC_8bb2d.dir/CheckSymbolExists.c.o
/usr/bin/cc   -I/usr/include/qt4   -o CMakeFiles/cmTC_8bb2d.dir/CheckSymbolExists.c.o   -c /home/harshcrop/kopete/build/CMakeFiles/CMakeTmp/CheckSymbolExists.c
/home/harshcrop/kopete/build/CMakeFiles/CMakeTmp/CheckSymbolExists.c: In function ‘main’:
/home/harshcrop/kopete/build/CMakeFiles/CMakeTmp/CheckSymbolExists.c:8:19: error: ‘Q_WS_MAC’ undeclared (first use in this function)
   return ((int*)(&Q_WS_MAC))[argc];
                   ^
/home/harshcrop/kopete/build/CMakeFiles/CMakeTmp/CheckSymbolExists.c:8:19: note: each undeclared identifier is reported only once for each function it appears in
CMakeFiles/cmTC_8bb2d.dir/build.make:65: recipe for target 'CMakeFiles/cmTC_8bb2d.dir/CheckSymbolExists.c.o' failed
make[1]: *** [CMakeFiles/cmTC_8bb2d.dir/CheckSymbolExists.c.o] Error 1
make[1]: Leaving directory '/home/harshcrop/kopete/build/CMakeFiles/CMakeTmp'
Makefile:126: recipe for target 'cmTC_8bb2d/fast' failed
make: *** [cmTC_8bb2d/fast] Error 2

File /home/harshcrop/kopete/build/CMakeFiles/CMakeTmp/CheckSymbolExists.c:
/* */
#include <QtCore/qglobal.h>

int main(int argc, char** argv)
{
  (void)argv;
#ifndef Q_WS_MAC
  return ((int*)(&Q_WS_MAC))[argc];
#else
  (void)argc;
  return 0;
#endif
}

Determining if the pthread_create exist failed with the following output:
Change Dir: /home/harshcrop/kopete/build/CMakeFiles/CMakeTmp

Run Build Command:"/usr/bin/make" "cmTC_815d0/fast"
/usr/bin/make -f CMakeFiles/cmTC_815d0.dir/build.make CMakeFiles/cmTC_815d0.dir/build
make[1]: Entering directory '/home/harshcrop/kopete/build/CMakeFiles/CMakeTmp'
Building C object CMakeFiles/cmTC_815d0.dir/CheckSymbolExists.c.o
/usr/bin/cc     -o CMakeFiles/cmTC_815d0.dir/CheckSymbolExists.c.o   -c /home/harshcrop/kopete/build/CMakeFiles/CMakeTmp/CheckSymbolExists.c
Linking C executable cmTC_815d0
/usr/bin/cmake -E cmake_link_script CMakeFiles/cmTC_815d0.dir/link.txt --verbose=1
/usr/bin/cc       CMakeFiles/cmTC_815d0.dir/CheckSymbolExists.c.o  -o cmTC_815d0 -rdynamic 
CMakeFiles/cmTC_815d0.dir/CheckSymbolExists.c.o: In function `main':
CheckSymbolExists.c:(.text+0x16): undefined reference to `pthread_create'
collect2: error: ld returned 1 exit status
CMakeFiles/cmTC_815d0.dir/build.make:97: recipe for target 'cmTC_815d0' failed
make[1]: *** [cmTC_815d0] Error 1
make[1]: Leaving directory '/home/harshcrop/kopete/build/CMakeFiles/CMakeTmp'
Makefile:126: recipe for target 'cmTC_815d0/fast' failed
make: *** [cmTC_815d0/fast] Error 2

File /home/harshcrop/kopete/build/CMakeFiles/CMakeTmp/CheckSymbolExists.c:
/* */
#include <pthread.h>

int main(int argc, char** argv)
{
  (void)argv;
#ifndef pthread_create
  return ((int*)(&pthread_create))[argc];
#else
  (void)argc;
  return 0;
#endif
}

Determining if the function pthread_create exists in the pthreads failed with the following output:
Change Dir: /home/harshcrop/kopete/build/CMakeFiles/CMakeTmp

Run Build Command:"/usr/bin/make" "cmTC_d5651/fast"
/usr/bin/make -f CMakeFiles/cmTC_d5651.dir/build.make CMakeFiles/cmTC_d5651.dir/build
make[1]: Entering directory '/home/harshcrop/kopete/build/CMakeFiles/CMakeTmp'
Building C object CMakeFiles/cmTC_d5651.dir/CheckFunctionExists.c.o
/usr/bin/cc    -DCHECK_FUNCTION_EXISTS=pthread_create   -o CMakeFiles/cmTC_d5651.dir/CheckFunctionExists.c.o   -c /usr/share/cmake-3.5/Modules/CheckFunctionExists.c
Linking C executable cmTC_d5651
/usr/bin/cmake -E cmake_link_script CMakeFiles/cmTC_d5651.dir/link.txt --verbose=1
/usr/bin/cc   -DCHECK_FUNCTION_EXISTS=pthread_create    CMakeFiles/cmTC_d5651.dir/CheckFunctionExists.c.o  -o cmTC_d5651 -rdynamic -lpthreads 
/usr/bin/ld: cannot find -lpthreads
collect2: error: ld returned 1 exit status
CMakeFiles/cmTC_d5651.dir/build.make:97: recipe for target 'cmTC_d5651' failed
make[1]: *** [cmTC_d5651] Error 1
make[1]: Leaving directory '/home/harshcrop/kopete/build/CMakeFiles/CMakeTmp'
Makefile:126: recipe for target 'cmTC_d5651/fast' failed
make: *** [cmTC_d5651/fast] Error 2


Determining if the include file valgrind/valgrind.h exists failed with the following output:
Change Dir: /home/harshcrop/kopete/build/CMakeFiles/CMakeTmp

Run Build Command:"/usr/bin/make" "cmTC_6c32b/fast"
/usr/bin/make -f CMakeFiles/cmTC_6c32b.dir/build.make CMakeFiles/cmTC_6c32b.dir/build
make[1]: Entering directory '/home/harshcrop/kopete/build/CMakeFiles/CMakeTmp'
Building C object CMakeFiles/cmTC_6c32b.dir/CheckIncludeFile.c.o
/usr/bin/cc  -D_BSD_SOURCE -D_DEFAULT_SOURCE -D_GNU_SOURCE -D_LARGEFILE64_SOURCE -D_XOPEN_SOURCE=500  -Wno-long-long -std=iso9899:1990 -Wundef -Wcast-align -Werror-implicit-function-declaration -Wchar-subscripts -Wall -W -Wpointer-arith -Wwrite-strings -Wformat-security -Wmissing-format-attribute -fno-common    -o CMakeFiles/cmTC_6c32b.dir/CheckIncludeFile.c.o   -c /home/harshcrop/kopete/build/CMakeFiles/CMakeTmp/CheckIncludeFile.c
/home/harshcrop/kopete/build/CMakeFiles/CMakeTmp/CheckIncludeFile.c:1:31: fatal error: valgrind/valgrind.h: No such file or directory
compilation terminated.
CMakeFiles/cmTC_6c32b.dir/build.make:65: recipe for target 'CMakeFiles/cmTC_6c32b.dir/CheckIncludeFile.c.o' failed
make[1]: *** [CMakeFiles/cmTC_6c32b.dir/CheckIncludeFile.c.o] Error 1
make[1]: Leaving directory '/home/harshcrop/kopete/build/CMakeFiles/CMakeTmp'
Makefile:126: recipe for target 'cmTC_6c32b/fast' failed
make: *** [cmTC_6c32b/fast] Error 2


Determining if the include file linux/videodev.h exists failed with the following output:
Change Dir: /home/harshcrop/kopete/build/CMakeFiles/CMakeTmp

Run Build Command:"/usr/bin/make" "cmTC_be5bc/fast"
/usr/bin/make -f CMakeFiles/cmTC_be5bc.dir/build.make CMakeFiles/cmTC_be5bc.dir/build
make[1]: Entering directory '/home/harshcrop/kopete/build/CMakeFiles/CMakeTmp'
Building C object CMakeFiles/cmTC_be5bc.dir/CheckIncludeFile.c.o
/usr/bin/cc  -D_BSD_SOURCE -D_DEFAULT_SOURCE -D_GNU_SOURCE -D_LARGEFILE64_SOURCE -D_XOPEN_SOURCE=500  -Wno-long-long -std=iso9899:1990 -Wundef -Wcast-align -Werror-implicit-function-declaration -Wchar-subscripts -Wall -W -Wpointer-arith -Wwrite-strings -Wformat-security -Wmissing-format-attribute -fno-common    -o CMakeFiles/cmTC_be5bc.dir/CheckIncludeFile.c.o   -c /home/harshcrop/kopete/build/CMakeFiles/CMakeTmp/CheckIncludeFile.c
/home/harshcrop/kopete/build/CMakeFiles/CMakeTmp/CheckIncludeFile.c:1:28: fatal error: linux/videodev.h: No such file or directory
compilation terminated.
CMakeFiles/cmTC_be5bc.dir/build.make:65: recipe for target 'CMakeFiles/cmTC_be5bc.dir/CheckIncludeFile.c.o' failed
make[1]: *** [CMakeFiles/cmTC_be5bc.dir/CheckIncludeFile.c.o] Error 1
make[1]: Leaving directory '/home/harshcrop/kopete/build/CMakeFiles/CMakeTmp'
Makefile:126: recipe for target 'cmTC_be5bc/fast' failed
make: *** [cmTC_be5bc/fast] Error 2


